

Started GET "/assets/rails.png" for 127.0.0.1 at 2012-04-13 03:12:46 +0900
Connecting to database specified by database.yml
Served asset /rails.png - 200 OK (3ms)


Started GET "/assets/rails.png" for 127.0.0.1 at 2012-06-18 00:04:26 +0900
Connecting to database specified by database.yml
Served asset /rails.png - 304 Not Modified (2ms)


Started GET "/rails/info/properties" for 127.0.0.1 at 2012-06-18 00:04:29 +0900
Processing by Rails::InfoController#properties as HTML
  Rendered inline template (2.1ms)
Completed 200 OK in 10ms (Views: 9.4ms | ActiveRecord: 0.0ms)


Started GET "/todosuke/index" for 127.0.0.1 at 2012-06-19 21:20:15 +0900
Connecting to database specified by database.yml
Processing by TodosukeController#index as HTML
  Rendered todosuke/index.html.erb within layouts/application (2.7ms)
Compiled todosuke.css  (9ms)  (pid 521)
Compiled application.css  (38ms)  (pid 521)
Compiled jquery.js  (2ms)  (pid 521)
Compiled jquery_ujs.js  (0ms)  (pid 521)
Compiled todosuke.js  (104ms)  (pid 521)
Compiled application.js  (167ms)  (pid 521)
Completed 200 OK in 314ms (Views: 313.7ms | ActiveRecord: 0.0ms)


Started GET "/assets/application.css?body=1" for 127.0.0.1 at 2012-06-19 21:20:16 +0900
Served asset /application.css - 200 OK (6ms)


Started GET "/assets/todosuke.css?body=1" for 127.0.0.1 at 2012-06-19 21:20:16 +0900
Served asset /todosuke.css - 200 OK (2ms)


Started GET "/assets/jquery_ujs.js?body=1" for 127.0.0.1 at 2012-06-19 21:20:16 +0900
Served asset /jquery_ujs.js - 200 OK (3ms)


Started GET "/assets/jquery.js?body=1" for 127.0.0.1 at 2012-06-19 21:20:16 +0900
Served asset /jquery.js - 200 OK (3ms)


Started GET "/assets/todosuke.js?body=1" for 127.0.0.1 at 2012-06-19 21:20:16 +0900
Served asset /todosuke.js - 200 OK (1ms)


Started GET "/assets/application.js?body=1" for 127.0.0.1 at 2012-06-19 21:20:16 +0900
Served asset /application.js - 200 OK (28ms)


Started GET "/todosuke/index" for 127.0.0.1 at 2012-06-19 21:26:51 +0900
Connecting to database specified by database.yml

SyntaxError (/Users/mayumi/mayumi/dev/todosuke/app/controllers/todosuke_controller.rb:3: invalid multibyte char (US-ASCII)
/Users/mayumi/mayumi/dev/todosuke/app/controllers/todosuke_controller.rb:3: syntax error, unexpected $end
  def とどすけ
       ^):
  activesupport (3.2.5) lib/active_support/dependencies.rb:469:in `load'
  activesupport (3.2.5) lib/active_support/dependencies.rb:469:in `block in load_file'
  activesupport (3.2.5) lib/active_support/dependencies.rb:639:in `new_constants_in'
  activesupport (3.2.5) lib/active_support/dependencies.rb:468:in `load_file'
  activesupport (3.2.5) lib/active_support/dependencies.rb:353:in `require_or_load'
  activesupport (3.2.5) lib/active_support/dependencies.rb:502:in `load_missing_constant'
  activesupport (3.2.5) lib/active_support/dependencies.rb:192:in `block in const_missing'
  activesupport (3.2.5) lib/active_support/dependencies.rb:190:in `each'
  activesupport (3.2.5) lib/active_support/dependencies.rb:190:in `const_missing'
  activesupport (3.2.5) lib/active_support/inflector/methods.rb:229:in `block in constantize'
  activesupport (3.2.5) lib/active_support/inflector/methods.rb:228:in `each'
  activesupport (3.2.5) lib/active_support/inflector/methods.rb:228:in `constantize'
  activesupport (3.2.5) lib/active_support/dependencies.rb:554:in `get'
  actionpack (3.2.5) lib/action_dispatch/routing/route_set.rb:69:in `controller_reference'
  actionpack (3.2.5) lib/action_dispatch/routing/route_set.rb:54:in `controller'
  actionpack (3.2.5) lib/action_dispatch/routing/route_set.rb:32:in `call'
  journey (1.0.3) lib/journey/router.rb:68:in `block in call'
  journey (1.0.3) lib/journey/router.rb:56:in `each'
  journey (1.0.3) lib/journey/router.rb:56:in `call'
  actionpack (3.2.5) lib/action_dispatch/routing/route_set.rb:600:in `call'
  actionpack (3.2.5) lib/action_dispatch/middleware/best_standards_support.rb:17:in `call'
  rack (1.4.1) lib/rack/etag.rb:23:in `call'
  rack (1.4.1) lib/rack/conditionalget.rb:25:in `call'
  actionpack (3.2.5) lib/action_dispatch/middleware/head.rb:14:in `call'
  actionpack (3.2.5) lib/action_dispatch/middleware/params_parser.rb:21:in `call'
  actionpack (3.2.5) lib/action_dispatch/middleware/flash.rb:238:in `call'
  rack (1.4.1) lib/rack/session/abstract/id.rb:205:in `context'
  rack (1.4.1) lib/rack/session/abstract/id.rb:200:in `call'
  actionpack (3.2.5) lib/action_dispatch/middleware/cookies.rb:338:in `call'
  activerecord (3.2.5) lib/active_record/query_cache.rb:64:in `call'
  activerecord (3.2.5) lib/active_record/connection_adapters/abstract/connection_pool.rb:473:in `call'
  actionpack (3.2.5) lib/action_dispatch/middleware/callbacks.rb:28:in `block in call'
  activesupport (3.2.5) lib/active_support/callbacks.rb:405:in `_run__535482954572327566__call__4407738537350034496__callbacks'
  activesupport (3.2.5) lib/active_support/callbacks.rb:405:in `__run_callback'
  activesupport (3.2.5) lib/active_support/callbacks.rb:385:in `_run_call_callbacks'
  activesupport (3.2.5) lib/active_support/callbacks.rb:81:in `run_callbacks'
  actionpack (3.2.5) lib/action_dispatch/middleware/callbacks.rb:27:in `call'
  actionpack (3.2.5) lib/action_dispatch/middleware/reloader.rb:65:in `call'
  actionpack (3.2.5) lib/action_dispatch/middleware/remote_ip.rb:31:in `call'
  actionpack (3.2.5) lib/action_dispatch/middleware/debug_exceptions.rb:16:in `call'
  actionpack (3.2.5) lib/action_dispatch/middleware/show_exceptions.rb:56:in `call'
  railties (3.2.5) lib/rails/rack/logger.rb:26:in `call_app'
  railties (3.2.5) lib/rails/rack/logger.rb:16:in `call'
  actionpack (3.2.5) lib/action_dispatch/middleware/request_id.rb:22:in `call'
  rack (1.4.1) lib/rack/methodoverride.rb:21:in `call'
  rack (1.4.1) lib/rack/runtime.rb:17:in `call'
  activesupport (3.2.5) lib/active_support/cache/strategy/local_cache.rb:72:in `call'
  rack (1.4.1) lib/rack/lock.rb:15:in `call'
  actionpack (3.2.5) lib/action_dispatch/middleware/static.rb:62:in `call'
  railties (3.2.5) lib/rails/engine.rb:479:in `call'
  railties (3.2.5) lib/rails/application.rb:220:in `call'
  rack (1.4.1) lib/rack/content_length.rb:14:in `call'
  railties (3.2.5) lib/rails/rack/log_tailer.rb:17:in `call'
  rack (1.4.1) lib/rack/handler/webrick.rb:59:in `service'
  /Users/mayumi/.rvm/rubies/ruby-1.9.3-p194/lib/ruby/1.9.1/webrick/httpserver.rb:138:in `service'
  /Users/mayumi/.rvm/rubies/ruby-1.9.3-p194/lib/ruby/1.9.1/webrick/httpserver.rb:94:in `run'
  /Users/mayumi/.rvm/rubies/ruby-1.9.3-p194/lib/ruby/1.9.1/webrick/server.rb:191:in `block in start_thread'


  Rendered /Users/mayumi/.rvm/gems/ruby-1.9.3-p194/gems/actionpack-3.2.5/lib/action_dispatch/middleware/templates/rescues/_trace.erb (2.6ms)
  Rendered /Users/mayumi/.rvm/gems/ruby-1.9.3-p194/gems/actionpack-3.2.5/lib/action_dispatch/middleware/templates/rescues/_request_and_response.erb (3.0ms)
  Rendered /Users/mayumi/.rvm/gems/ruby-1.9.3-p194/gems/actionpack-3.2.5/lib/action_dispatch/middleware/templates/rescues/diagnostics.erb within rescues/layout (16.5ms)


Started GET "/todosuke/index" for 127.0.0.1 at 2012-06-19 21:27:40 +0900
Connecting to database specified by database.yml

SyntaxError (/Users/mayumi/mayumi/dev/todosuke/app/controllers/todosuke_controller.rb:3: syntax error, unexpected tSTRING_BEG
  def "とどすけ"
       ^
/Users/mayumi/mayumi/dev/todosuke/app/controllers/todosuke_controller.rb:3: invalid multibyte char (US-ASCII)
/Users/mayumi/mayumi/dev/todosuke/app/controllers/todosuke_controller.rb:3: invalid multibyte char (US-ASCII)):
  activesupport (3.2.5) lib/active_support/dependencies.rb:469:in `load'
  activesupport (3.2.5) lib/active_support/dependencies.rb:469:in `block in load_file'
  activesupport (3.2.5) lib/active_support/dependencies.rb:639:in `new_constants_in'
  activesupport (3.2.5) lib/active_support/dependencies.rb:468:in `load_file'
  activesupport (3.2.5) lib/active_support/dependencies.rb:353:in `require_or_load'
  activesupport (3.2.5) lib/active_support/dependencies.rb:502:in `load_missing_constant'
  activesupport (3.2.5) lib/active_support/dependencies.rb:192:in `block in const_missing'
  activesupport (3.2.5) lib/active_support/dependencies.rb:190:in `each'
  activesupport (3.2.5) lib/active_support/dependencies.rb:190:in `const_missing'
  activesupport (3.2.5) lib/active_support/inflector/methods.rb:229:in `block in constantize'
  activesupport (3.2.5) lib/active_support/inflector/methods.rb:228:in `each'
  activesupport (3.2.5) lib/active_support/inflector/methods.rb:228:in `constantize'
  activesupport (3.2.5) lib/active_support/dependencies.rb:554:in `get'
  actionpack (3.2.5) lib/action_dispatch/routing/route_set.rb:69:in `controller_reference'
  actionpack (3.2.5) lib/action_dispatch/routing/route_set.rb:54:in `controller'
  actionpack (3.2.5) lib/action_dispatch/routing/route_set.rb:32:in `call'
  journey (1.0.3) lib/journey/router.rb:68:in `block in call'
  journey (1.0.3) lib/journey/router.rb:56:in `each'
  journey (1.0.3) lib/journey/router.rb:56:in `call'
  actionpack (3.2.5) lib/action_dispatch/routing/route_set.rb:600:in `call'
  actionpack (3.2.5) lib/action_dispatch/middleware/best_standards_support.rb:17:in `call'
  rack (1.4.1) lib/rack/etag.rb:23:in `call'
  rack (1.4.1) lib/rack/conditionalget.rb:25:in `call'
  actionpack (3.2.5) lib/action_dispatch/middleware/head.rb:14:in `call'
  actionpack (3.2.5) lib/action_dispatch/middleware/params_parser.rb:21:in `call'
  actionpack (3.2.5) lib/action_dispatch/middleware/flash.rb:238:in `call'
  rack (1.4.1) lib/rack/session/abstract/id.rb:205:in `context'
  rack (1.4.1) lib/rack/session/abstract/id.rb:200:in `call'
  actionpack (3.2.5) lib/action_dispatch/middleware/cookies.rb:338:in `call'
  activerecord (3.2.5) lib/active_record/query_cache.rb:64:in `call'
  activerecord (3.2.5) lib/active_record/connection_adapters/abstract/connection_pool.rb:473:in `call'
  actionpack (3.2.5) lib/action_dispatch/middleware/callbacks.rb:28:in `block in call'
  activesupport (3.2.5) lib/active_support/callbacks.rb:405:in `_run__1882409121237967931__call__4035320230308297134__callbacks'
  activesupport (3.2.5) lib/active_support/callbacks.rb:405:in `__run_callback'
  activesupport (3.2.5) lib/active_support/callbacks.rb:385:in `_run_call_callbacks'
  activesupport (3.2.5) lib/active_support/callbacks.rb:81:in `run_callbacks'
  actionpack (3.2.5) lib/action_dispatch/middleware/callbacks.rb:27:in `call'
  actionpack (3.2.5) lib/action_dispatch/middleware/reloader.rb:65:in `call'
  actionpack (3.2.5) lib/action_dispatch/middleware/remote_ip.rb:31:in `call'
  actionpack (3.2.5) lib/action_dispatch/middleware/debug_exceptions.rb:16:in `call'
  actionpack (3.2.5) lib/action_dispatch/middleware/show_exceptions.rb:56:in `call'
  railties (3.2.5) lib/rails/rack/logger.rb:26:in `call_app'
  railties (3.2.5) lib/rails/rack/logger.rb:16:in `call'
  actionpack (3.2.5) lib/action_dispatch/middleware/request_id.rb:22:in `call'
  rack (1.4.1) lib/rack/methodoverride.rb:21:in `call'
  rack (1.4.1) lib/rack/runtime.rb:17:in `call'
  activesupport (3.2.5) lib/active_support/cache/strategy/local_cache.rb:72:in `call'
  rack (1.4.1) lib/rack/lock.rb:15:in `call'
  actionpack (3.2.5) lib/action_dispatch/middleware/static.rb:62:in `call'
  railties (3.2.5) lib/rails/engine.rb:479:in `call'
  railties (3.2.5) lib/rails/application.rb:220:in `call'
  rack (1.4.1) lib/rack/content_length.rb:14:in `call'
  railties (3.2.5) lib/rails/rack/log_tailer.rb:17:in `call'
  rack (1.4.1) lib/rack/handler/webrick.rb:59:in `service'
  /Users/mayumi/.rvm/rubies/ruby-1.9.3-p194/lib/ruby/1.9.1/webrick/httpserver.rb:138:in `service'
  /Users/mayumi/.rvm/rubies/ruby-1.9.3-p194/lib/ruby/1.9.1/webrick/httpserver.rb:94:in `run'
  /Users/mayumi/.rvm/rubies/ruby-1.9.3-p194/lib/ruby/1.9.1/webrick/server.rb:191:in `block in start_thread'


  Rendered /Users/mayumi/.rvm/gems/ruby-1.9.3-p194/gems/actionpack-3.2.5/lib/action_dispatch/middleware/templates/rescues/_trace.erb (2.5ms)
  Rendered /Users/mayumi/.rvm/gems/ruby-1.9.3-p194/gems/actionpack-3.2.5/lib/action_dispatch/middleware/templates/rescues/_request_and_response.erb (2.4ms)
  Rendered /Users/mayumi/.rvm/gems/ruby-1.9.3-p194/gems/actionpack-3.2.5/lib/action_dispatch/middleware/templates/rescues/diagnostics.erb within rescues/layout (13.0ms)


Started GET "/todosuke/index" for 127.0.0.1 at 2012-06-19 21:28:43 +0900
Connecting to database specified by database.yml
Processing by TodosukeController#index as HTML
  Rendered todosuke/index.html.erb within layouts/application (1.8ms)
Completed 200 OK in 50ms (Views: 49.2ms | ActiveRecord: 0.0ms)


Started GET "/assets/application.css?body=1" for 127.0.0.1 at 2012-06-19 21:28:43 +0900
Served asset /application.css - 304 Not Modified (3ms)


Started GET "/assets/todosuke.css?body=1" for 127.0.0.1 at 2012-06-19 21:28:43 +0900
Served asset /todosuke.css - 304 Not Modified (2ms)


Started GET "/assets/jquery.js?body=1" for 127.0.0.1 at 2012-06-19 21:28:43 +0900
Served asset /jquery.js - 304 Not Modified (4ms)


Started GET "/assets/application.js?body=1" for 127.0.0.1 at 2012-06-19 21:28:43 +0900
Served asset /application.js - 304 Not Modified (5ms)


Started GET "/assets/todosuke.js?body=1" for 127.0.0.1 at 2012-06-19 21:28:43 +0900
Served asset /todosuke.js - 304 Not Modified (2ms)


Started GET "/assets/jquery_ujs.js?body=1" for 127.0.0.1 at 2012-06-19 21:28:43 +0900
Served asset /jquery_ujs.js - 304 Not Modified (3ms)


Started GET "/todosuke/index" for 127.0.0.1 at 2012-06-19 21:29:46 +0900
Connecting to database specified by database.yml
Processing by TodosukeController#index as HTML
  Rendered todosuke/index.html.erb within layouts/application (1.8ms)
Completed 200 OK in 45ms (Views: 45.0ms | ActiveRecord: 0.0ms)


Started GET "/assets/application.css?body=1" for 127.0.0.1 at 2012-06-19 21:29:46 +0900
Served asset /application.css - 304 Not Modified (2ms)


Started GET "/assets/todosuke.css?body=1" for 127.0.0.1 at 2012-06-19 21:29:46 +0900
Served asset /todosuke.css - 304 Not Modified (2ms)


Started GET "/assets/jquery.js?body=1" for 127.0.0.1 at 2012-06-19 21:29:46 +0900
Served asset /jquery.js - 304 Not Modified (4ms)


Started GET "/assets/todosuke.js?body=1" for 127.0.0.1 at 2012-06-19 21:29:46 +0900
Served asset /todosuke.js - 304 Not Modified (1ms)


Started GET "/assets/jquery_ujs.js?body=1" for 127.0.0.1 at 2012-06-19 21:29:46 +0900
Served asset /jquery_ujs.js - 304 Not Modified (2ms)


Started GET "/assets/application.js?body=1" for 127.0.0.1 at 2012-06-19 21:29:46 +0900
Served asset /application.js - 304 Not Modified (5ms)


Started GET "/todosuke/index" for 127.0.0.1 at 2012-06-19 21:30:30 +0900

NameError (uninitialized constant Todosuke):
  config/routes.rb:1:in `<top (required)>'


  Rendered /Users/mayumi/.rvm/gems/ruby-1.9.3-p194/gems/actionpack-3.2.5/lib/action_dispatch/middleware/templates/rescues/_trace.erb (2.0ms)
  Rendered /Users/mayumi/.rvm/gems/ruby-1.9.3-p194/gems/actionpack-3.2.5/lib/action_dispatch/middleware/templates/rescues/_request_and_response.erb (0.9ms)
  Rendered /Users/mayumi/.rvm/gems/ruby-1.9.3-p194/gems/actionpack-3.2.5/lib/action_dispatch/middleware/templates/rescues/diagnostics.erb within rescues/layout (8.8ms)


Started GET "/todosuke/index" for 127.0.0.1 at 2012-06-19 21:30:40 +0900

ActionController::RoutingError (No route matches [GET] "/todosuke/index"):
  actionpack (3.2.5) lib/action_dispatch/middleware/debug_exceptions.rb:21:in `call'
  actionpack (3.2.5) lib/action_dispatch/middleware/show_exceptions.rb:56:in `call'
  railties (3.2.5) lib/rails/rack/logger.rb:26:in `call_app'
  railties (3.2.5) lib/rails/rack/logger.rb:16:in `call'
  actionpack (3.2.5) lib/action_dispatch/middleware/request_id.rb:22:in `call'
  rack (1.4.1) lib/rack/methodoverride.rb:21:in `call'
  rack (1.4.1) lib/rack/runtime.rb:17:in `call'
  activesupport (3.2.5) lib/active_support/cache/strategy/local_cache.rb:72:in `call'
  rack (1.4.1) lib/rack/lock.rb:15:in `call'
  actionpack (3.2.5) lib/action_dispatch/middleware/static.rb:62:in `call'
  railties (3.2.5) lib/rails/engine.rb:479:in `call'
  railties (3.2.5) lib/rails/application.rb:220:in `call'
  rack (1.4.1) lib/rack/content_length.rb:14:in `call'
  railties (3.2.5) lib/rails/rack/log_tailer.rb:17:in `call'
  rack (1.4.1) lib/rack/handler/webrick.rb:59:in `service'
  /Users/mayumi/.rvm/rubies/ruby-1.9.3-p194/lib/ruby/1.9.1/webrick/httpserver.rb:138:in `service'
  /Users/mayumi/.rvm/rubies/ruby-1.9.3-p194/lib/ruby/1.9.1/webrick/httpserver.rb:94:in `run'
  /Users/mayumi/.rvm/rubies/ruby-1.9.3-p194/lib/ruby/1.9.1/webrick/server.rb:191:in `block in start_thread'


  Rendered /Users/mayumi/.rvm/gems/ruby-1.9.3-p194/gems/actionpack-3.2.5/lib/action_dispatch/middleware/templates/rescues/routing_error.erb within rescues/layout (1.1ms)


Started GET "/todosuke/index" for 127.0.0.1 at 2012-06-19 21:30:41 +0900

ActionController::RoutingError (No route matches [GET] "/todosuke/index"):
  actionpack (3.2.5) lib/action_dispatch/middleware/debug_exceptions.rb:21:in `call'
  actionpack (3.2.5) lib/action_dispatch/middleware/show_exceptions.rb:56:in `call'
  railties (3.2.5) lib/rails/rack/logger.rb:26:in `call_app'
  railties (3.2.5) lib/rails/rack/logger.rb:16:in `call'
  actionpack (3.2.5) lib/action_dispatch/middleware/request_id.rb:22:in `call'
  rack (1.4.1) lib/rack/methodoverride.rb:21:in `call'
  rack (1.4.1) lib/rack/runtime.rb:17:in `call'
  activesupport (3.2.5) lib/active_support/cache/strategy/local_cache.rb:72:in `call'
  rack (1.4.1) lib/rack/lock.rb:15:in `call'
  actionpack (3.2.5) lib/action_dispatch/middleware/static.rb:62:in `call'
  railties (3.2.5) lib/rails/engine.rb:479:in `call'
  railties (3.2.5) lib/rails/application.rb:220:in `call'
  rack (1.4.1) lib/rack/content_length.rb:14:in `call'
  railties (3.2.5) lib/rails/rack/log_tailer.rb:17:in `call'
  rack (1.4.1) lib/rack/handler/webrick.rb:59:in `service'
  /Users/mayumi/.rvm/rubies/ruby-1.9.3-p194/lib/ruby/1.9.1/webrick/httpserver.rb:138:in `service'
  /Users/mayumi/.rvm/rubies/ruby-1.9.3-p194/lib/ruby/1.9.1/webrick/httpserver.rb:94:in `run'
  /Users/mayumi/.rvm/rubies/ruby-1.9.3-p194/lib/ruby/1.9.1/webrick/server.rb:191:in `block in start_thread'


  Rendered /Users/mayumi/.rvm/gems/ruby-1.9.3-p194/gems/actionpack-3.2.5/lib/action_dispatch/middleware/templates/rescues/routing_error.erb within rescues/layout (0.6ms)


Started GET "/todosuke/index" for 127.0.0.1 at 2012-06-19 21:31:15 +0900
Connecting to database specified by database.yml
Processing by TodosukeController#index as HTML
  Rendered todosuke/index.html.erb within layouts/application (1.8ms)
Completed 200 OK in 48ms (Views: 47.5ms | ActiveRecord: 0.0ms)


Started GET "/assets/application.css?body=1" for 127.0.0.1 at 2012-06-19 21:31:16 +0900
Served asset /application.css - 304 Not Modified (4ms)


Started GET "/assets/todosuke.css?body=1" for 127.0.0.1 at 2012-06-19 21:31:16 +0900
Served asset /todosuke.css - 304 Not Modified (1ms)


Started GET "/assets/jquery.js?body=1" for 127.0.0.1 at 2012-06-19 21:31:16 +0900
Served asset /jquery.js - 304 Not Modified (2ms)


Started GET "/assets/todosuke.js?body=1" for 127.0.0.1 at 2012-06-19 21:31:16 +0900
Served asset /todosuke.js - 304 Not Modified (2ms)


Started GET "/assets/application.js?body=1" for 127.0.0.1 at 2012-06-19 21:31:16 +0900
Served asset /application.js - 304 Not Modified (7ms)


Started GET "/assets/jquery_ujs.js?body=1" for 127.0.0.1 at 2012-06-19 21:31:16 +0900
Served asset /jquery_ujs.js - 304 Not Modified (3ms)


Started GET "/todosuke/index" for 127.0.0.1 at 2012-06-19 21:33:35 +0900
Connecting to database specified by database.yml
Processing by TodosukeController#index as HTML
  Rendered todosuke/index.html.erb within layouts/application (4.5ms)
Completed 200 OK in 48ms (Views: 47.1ms | ActiveRecord: 0.0ms)


Started GET "/assets/application.css?body=1" for 127.0.0.1 at 2012-06-19 21:33:35 +0900
Served asset /application.css - 304 Not Modified (3ms)


Started GET "/assets/todosuke.css?body=1" for 127.0.0.1 at 2012-06-19 21:33:35 +0900
Served asset /todosuke.css - 304 Not Modified (1ms)


Started GET "/assets/jquery.js?body=1" for 127.0.0.1 at 2012-06-19 21:33:35 +0900
Served asset /jquery.js - 304 Not Modified (8ms)


Started GET "/assets/jquery_ujs.js?body=1" for 127.0.0.1 at 2012-06-19 21:33:35 +0900
Served asset /jquery_ujs.js - 304 Not Modified (3ms)


Started GET "/assets/application.js?body=1" for 127.0.0.1 at 2012-06-19 21:33:35 +0900
Served asset /application.js - 304 Not Modified (8ms)


Started GET "/assets/todosuke.js?body=1" for 127.0.0.1 at 2012-06-19 21:33:35 +0900
Served asset /todosuke.js - 304 Not Modified (1ms)


Started GET "/todosuke/index" for 127.0.0.1 at 2012-06-19 21:35:02 +0900
Connecting to database specified by database.yml
Processing by TodosukeController#index as HTML
  Rendered todosuke/index.html.erb within layouts/application (4.5ms)
Completed 200 OK in 50ms (Views: 49.3ms | ActiveRecord: 0.0ms)


Started GET "/assets/todosuke.css?body=1" for 127.0.0.1 at 2012-06-19 21:35:02 +0900
Served asset /todosuke.css - 304 Not Modified (3ms)


Started GET "/assets/application.css?body=1" for 127.0.0.1 at 2012-06-19 21:35:02 +0900
Served asset /application.css - 304 Not Modified (6ms)


Started GET "/assets/jquery_ujs.js?body=1" for 127.0.0.1 at 2012-06-19 21:35:02 +0900
Served asset /jquery_ujs.js - 304 Not Modified (3ms)


Started GET "/assets/jquery.js?body=1" for 127.0.0.1 at 2012-06-19 21:35:02 +0900
Served asset /jquery.js - 304 Not Modified (2ms)


Started GET "/assets/todosuke.js?body=1" for 127.0.0.1 at 2012-06-19 21:35:02 +0900
Served asset /todosuke.js - 304 Not Modified (1ms)


Started GET "/assets/application.js?body=1" for 127.0.0.1 at 2012-06-19 21:35:02 +0900
Served asset /application.js - 304 Not Modified (30ms)


Started GET "/todosuke/index" for 127.0.0.1 at 2012-06-19 21:37:46 +0900
Connecting to database specified by database.yml
Processing by TodosukeController#index as HTML
  Rendered todosuke/index.html.erb within layouts/application (1.7ms)
Completed 200 OK in 47ms (Views: 46.7ms | ActiveRecord: 0.0ms)


Started GET "/assets/application.css?body=1" for 127.0.0.1 at 2012-06-19 21:37:46 +0900
Served asset /application.css - 304 Not Modified (2ms)


Started GET "/assets/todosuke.css?body=1" for 127.0.0.1 at 2012-06-19 21:37:46 +0900
Served asset /todosuke.css - 304 Not Modified (1ms)


Started GET "/assets/jquery.js?body=1" for 127.0.0.1 at 2012-06-19 21:37:46 +0900
Served asset /jquery.js - 304 Not Modified (5ms)


Started GET "/assets/jquery_ujs.js?body=1" for 127.0.0.1 at 2012-06-19 21:37:46 +0900
Served asset /jquery_ujs.js - 304 Not Modified (2ms)


Started GET "/assets/todosuke.js?body=1" for 127.0.0.1 at 2012-06-19 21:37:46 +0900
Served asset /todosuke.js - 304 Not Modified (2ms)


Started GET "/assets/application.js?body=1" for 127.0.0.1 at 2012-06-19 21:37:46 +0900
Served asset /application.js - 304 Not Modified (7ms)


Started GET "/todosuke/index" for 127.0.0.1 at 2012-06-19 21:44:26 +0900
Connecting to database specified by database.yml

ActionController::RoutingError (No route matches [GET] "/todosuke/index"):
  actionpack (3.2.5) lib/action_dispatch/middleware/debug_exceptions.rb:21:in `call'
  actionpack (3.2.5) lib/action_dispatch/middleware/show_exceptions.rb:56:in `call'
  railties (3.2.5) lib/rails/rack/logger.rb:26:in `call_app'
  railties (3.2.5) lib/rails/rack/logger.rb:16:in `call'
  actionpack (3.2.5) lib/action_dispatch/middleware/request_id.rb:22:in `call'
  rack (1.4.1) lib/rack/methodoverride.rb:21:in `call'
  rack (1.4.1) lib/rack/runtime.rb:17:in `call'
  activesupport (3.2.5) lib/active_support/cache/strategy/local_cache.rb:72:in `call'
  rack (1.4.1) lib/rack/lock.rb:15:in `call'
  actionpack (3.2.5) lib/action_dispatch/middleware/static.rb:62:in `call'
  railties (3.2.5) lib/rails/engine.rb:479:in `call'
  railties (3.2.5) lib/rails/application.rb:220:in `call'
  rack (1.4.1) lib/rack/content_length.rb:14:in `call'
  railties (3.2.5) lib/rails/rack/log_tailer.rb:17:in `call'
  rack (1.4.1) lib/rack/handler/webrick.rb:59:in `service'
  /Users/mayumi/.rvm/rubies/ruby-1.9.3-p194/lib/ruby/1.9.1/webrick/httpserver.rb:138:in `service'
  /Users/mayumi/.rvm/rubies/ruby-1.9.3-p194/lib/ruby/1.9.1/webrick/httpserver.rb:94:in `run'
  /Users/mayumi/.rvm/rubies/ruby-1.9.3-p194/lib/ruby/1.9.1/webrick/server.rb:191:in `block in start_thread'


  Rendered /Users/mayumi/.rvm/gems/ruby-1.9.3-p194/gems/actionpack-3.2.5/lib/action_dispatch/middleware/templates/rescues/routing_error.erb within rescues/layout (2.1ms)


Started GET "/todosuke/index" for 127.0.0.1 at 2012-06-19 21:49:26 +0900
Connecting to database specified by database.yml
Processing by TodosukeController#index as HTML
  Rendered todosuke/index.html.erb within layouts/application (2.3ms)
Completed 200 OK in 47ms (Views: 46.8ms | ActiveRecord: 0.0ms)


Started GET "/assets/application.css?body=1" for 127.0.0.1 at 2012-06-19 21:49:26 +0900
Served asset /application.css - 304 Not Modified (3ms)


Started GET "/assets/todosuke.css?body=1" for 127.0.0.1 at 2012-06-19 21:49:26 +0900
Served asset /todosuke.css - 304 Not Modified (1ms)


Started GET "/assets/todosuke.js?body=1" for 127.0.0.1 at 2012-06-19 21:49:26 +0900
Served asset /todosuke.js - 304 Not Modified (2ms)


Started GET "/assets/jquery.js?body=1" for 127.0.0.1 at 2012-06-19 21:49:26 +0900
Served asset /jquery.js - 304 Not Modified (2ms)


Started GET "/assets/jquery_ujs.js?body=1" for 127.0.0.1 at 2012-06-19 21:49:26 +0900
Served asset /jquery_ujs.js - 304 Not Modified (2ms)


Started GET "/assets/application.js?body=1" for 127.0.0.1 at 2012-06-19 21:49:26 +0900
Served asset /application.js - 304 Not Modified (29ms)


Started GET "/todosuke/index" for 127.0.0.1 at 2012-06-19 22:13:58 +0900
Connecting to database specified by database.yml
Processing by TodosukeController#index as HTML
  Rendered todosuke/index.html.erb within layouts/application (1.8ms)
Completed 200 OK in 45ms (Views: 45.0ms | ActiveRecord: 0.0ms)


Started GET "/assets/application.css?body=1" for 127.0.0.1 at 2012-06-19 22:13:58 +0900
Served asset /application.css - 304 Not Modified (2ms)


Started GET "/assets/todosuke.css?body=1" for 127.0.0.1 at 2012-06-19 22:13:58 +0900
Served asset /todosuke.css - 304 Not Modified (5ms)


Started GET "/assets/jquery.js?body=1" for 127.0.0.1 at 2012-06-19 22:13:58 +0900
Served asset /jquery.js - 304 Not Modified (5ms)


Started GET "/assets/jquery_ujs.js?body=1" for 127.0.0.1 at 2012-06-19 22:13:58 +0900
Served asset /jquery_ujs.js - 304 Not Modified (2ms)


Started GET "/assets/todosuke.js?body=1" for 127.0.0.1 at 2012-06-19 22:13:58 +0900
Served asset /todosuke.js - 304 Not Modified (1ms)


Started GET "/assets/application.js?body=1" for 127.0.0.1 at 2012-06-19 22:13:58 +0900
Served asset /application.js - 304 Not Modified (5ms)


Started GET "/todosuke/index" for 127.0.0.1 at 2012-06-19 22:25:07 +0900
Processing by TodosukeController#index as HTML
  Rendered todosuke/index.html.erb within layouts/application (0.4ms)
Completed 200 OK in 6ms (Views: 5.7ms | ActiveRecord: 0.0ms)


Started GET "/assets/application.css?body=1" for 127.0.0.1 at 2012-06-19 22:25:07 +0900
Served asset /application.css - 304 Not Modified (0ms)


Started GET "/assets/todosuke.css?body=1" for 127.0.0.1 at 2012-06-19 22:25:07 +0900
Served asset /todosuke.css - 304 Not Modified (0ms)


Started GET "/assets/jquery_ujs.js?body=1" for 127.0.0.1 at 2012-06-19 22:25:07 +0900
Served asset /jquery_ujs.js - 304 Not Modified (0ms)


Started GET "/assets/jquery.js?body=1" for 127.0.0.1 at 2012-06-19 22:25:07 +0900
Served asset /jquery.js - 304 Not Modified (0ms)


Started GET "/assets/todosuke.js?body=1" for 127.0.0.1 at 2012-06-19 22:25:07 +0900
Served asset /todosuke.js - 304 Not Modified (0ms)


Started GET "/assets/application.js?body=1" for 127.0.0.1 at 2012-06-19 22:25:07 +0900
Served asset /application.js - 304 Not Modified (0ms)


Started GET "/todosuke/index" for 127.0.0.1 at 2012-06-19 22:27:42 +0900
Processing by TodosukeController#index as HTML
  Rendered todosuke/index.html.erb within layouts/application (0.4ms)
Completed 200 OK in 5ms (Views: 5.2ms | ActiveRecord: 0.0ms)


Started GET "/assets/application.css?body=1" for 127.0.0.1 at 2012-06-19 22:27:42 +0900
Served asset /application.css - 304 Not Modified (0ms)


Started GET "/assets/jquery.js?body=1" for 127.0.0.1 at 2012-06-19 22:27:42 +0900
Served asset /jquery.js - 304 Not Modified (0ms)


Started GET "/assets/todosuke.css?body=1" for 127.0.0.1 at 2012-06-19 22:27:42 +0900
Served asset /todosuke.css - 304 Not Modified (0ms)


Started GET "/assets/jquery_ujs.js?body=1" for 127.0.0.1 at 2012-06-19 22:27:42 +0900
Served asset /jquery_ujs.js - 304 Not Modified (0ms)


Started GET "/assets/application.js?body=1" for 127.0.0.1 at 2012-06-19 22:27:42 +0900
Served asset /application.js - 304 Not Modified (0ms)


Started GET "/assets/todosuke.js?body=1" for 127.0.0.1 at 2012-06-19 22:27:42 +0900
Served asset /todosuke.js - 304 Not Modified (0ms)


Started GET "/todosuke/index" for 127.0.0.1 at 2012-06-19 22:28:45 +0900
Processing by TodosukeController#index as HTML
  Rendered todosuke/index.html.erb within layouts/application (0.4ms)
Completed 200 OK in 6ms (Views: 5.6ms | ActiveRecord: 0.0ms)


Started GET "/assets/application.css?body=1" for 127.0.0.1 at 2012-06-19 22:28:45 +0900
Served asset /application.css - 304 Not Modified (0ms)


Started GET "/assets/todosuke.css?body=1" for 127.0.0.1 at 2012-06-19 22:28:45 +0900
Served asset /todosuke.css - 304 Not Modified (0ms)


Started GET "/assets/jquery.js?body=1" for 127.0.0.1 at 2012-06-19 22:28:45 +0900
Served asset /jquery.js - 304 Not Modified (0ms)


Started GET "/assets/jquery_ujs.js?body=1" for 127.0.0.1 at 2012-06-19 22:28:45 +0900
Served asset /jquery_ujs.js - 304 Not Modified (0ms)


Started GET "/assets/todosuke.js?body=1" for 127.0.0.1 at 2012-06-19 22:28:45 +0900
Served asset /todosuke.js - 304 Not Modified (0ms)


Started GET "/assets/application.js?body=1" for 127.0.0.1 at 2012-06-19 22:28:45 +0900
Served asset /application.js - 304 Not Modified (0ms)


Started GET "/todosuke/index" for 127.0.0.1 at 2012-06-19 22:30:08 +0900
Processing by TodosukeController#index as HTML
  Rendered todosuke/index.html.erb within layouts/application (0.5ms)
Completed 200 OK in 6ms (Views: 5.3ms | ActiveRecord: 0.0ms)


Started GET "/assets/application.css?body=1" for 127.0.0.1 at 2012-06-19 22:30:09 +0900
Served asset /application.css - 304 Not Modified (0ms)


Started GET "/assets/todosuke.css?body=1" for 127.0.0.1 at 2012-06-19 22:30:09 +0900
Served asset /todosuke.css - 304 Not Modified (0ms)


Started GET "/assets/jquery.js?body=1" for 127.0.0.1 at 2012-06-19 22:30:09 +0900
Served asset /jquery.js - 304 Not Modified (0ms)


Started GET "/assets/jquery_ujs.js?body=1" for 127.0.0.1 at 2012-06-19 22:30:09 +0900
Served asset /jquery_ujs.js - 304 Not Modified (0ms)


Started GET "/assets/todosuke.js?body=1" for 127.0.0.1 at 2012-06-19 22:30:09 +0900
Served asset /todosuke.js - 304 Not Modified (0ms)


Started GET "/assets/application.js?body=1" for 127.0.0.1 at 2012-06-19 22:30:09 +0900
Served asset /application.js - 304 Not Modified (0ms)


Started GET "/todosuke/index" for 127.0.0.1 at 2012-06-19 22:30:37 +0900
Processing by TodosukeController#index as HTML
  Rendered todosuke/index.html.erb within layouts/application (0.4ms)
Completed 200 OK in 6ms (Views: 5.8ms | ActiveRecord: 0.0ms)


Started GET "/assets/application.css?body=1" for 127.0.0.1 at 2012-06-19 22:30:37 +0900
Served asset /application.css - 304 Not Modified (0ms)


Started GET "/assets/jquery.js?body=1" for 127.0.0.1 at 2012-06-19 22:30:37 +0900
Served asset /jquery.js - 304 Not Modified (0ms)


Started GET "/assets/todosuke.css?body=1" for 127.0.0.1 at 2012-06-19 22:30:37 +0900
Served asset /todosuke.css - 304 Not Modified (0ms)


Started GET "/assets/todosuke.js?body=1" for 127.0.0.1 at 2012-06-19 22:30:37 +0900
Served asset /todosuke.js - 304 Not Modified (0ms)


Started GET "/assets/jquery_ujs.js?body=1" for 127.0.0.1 at 2012-06-19 22:30:37 +0900
Served asset /jquery_ujs.js - 304 Not Modified (0ms)


Started GET "/assets/application.js?body=1" for 127.0.0.1 at 2012-06-19 22:30:37 +0900
Served asset /application.js - 304 Not Modified (0ms)


Started GET "/todosuke/index" for 127.0.0.1 at 2012-06-19 22:34:29 +0900
Connecting to database specified by database.yml
Processing by TodosukeController#index as HTML
  Rendered todosuke/index.html.erb within layouts/application (1.9ms)
Completed 200 OK in 48ms (Views: 47.3ms | ActiveRecord: 0.0ms)


Started GET "/assets/application.css?body=1" for 127.0.0.1 at 2012-06-19 22:34:29 +0900
Served asset /application.css - 304 Not Modified (3ms)


Started GET "/assets/todosuke.css?body=1" for 127.0.0.1 at 2012-06-19 22:34:29 +0900
Served asset /todosuke.css - 304 Not Modified (2ms)


Started GET "/assets/jquery.js?body=1" for 127.0.0.1 at 2012-06-19 22:34:29 +0900
Served asset /jquery.js - 304 Not Modified (2ms)


Started GET "/assets/application.js?body=1" for 127.0.0.1 at 2012-06-19 22:34:29 +0900
Served asset /application.js - 304 Not Modified (5ms)


Started GET "/assets/jquery_ujs.js?body=1" for 127.0.0.1 at 2012-06-19 22:34:29 +0900
Served asset /jquery_ujs.js - 304 Not Modified (2ms)


Started GET "/assets/todosuke.js?body=1" for 127.0.0.1 at 2012-06-19 22:34:29 +0900
Served asset /todosuke.js - 304 Not Modified (2ms)


Started GET "/assets/rails.png" for 127.0.0.1 at 2012-06-28 00:06:12 +0900
Connecting to database specified by database.yml
Served asset /rails.png - 304 Not Modified (6ms)


Started GET "/todosuke/index" for 127.0.0.1 at 2012-06-28 00:06:23 +0900
Processing by TodosukeController#index as HTML
  Rendered todosuke/index.html.erb within layouts/application (2.9ms)
Completed 200 OK in 68ms (Views: 67.1ms | ActiveRecord: 0.0ms)


Started GET "/assets/application.css?body=1" for 127.0.0.1 at 2012-06-28 00:06:23 +0900
Served asset /application.css - 304 Not Modified (3ms)


Started GET "/assets/todosuke.css?body=1" for 127.0.0.1 at 2012-06-28 00:06:23 +0900
Served asset /todosuke.css - 304 Not Modified (5ms)


Started GET "/assets/jquery.js?body=1" for 127.0.0.1 at 2012-06-28 00:06:23 +0900
Served asset /jquery.js - 304 Not Modified (3ms)


Started GET "/assets/jquery_ujs.js?body=1" for 127.0.0.1 at 2012-06-28 00:06:23 +0900
Served asset /jquery_ujs.js - 304 Not Modified (2ms)


Started GET "/assets/todosuke.js?body=1" for 127.0.0.1 at 2012-06-28 00:06:23 +0900
Served asset /todosuke.js - 304 Not Modified (2ms)


Started GET "/assets/application.js?body=1" for 127.0.0.1 at 2012-06-28 00:06:23 +0900
Served asset /application.js - 304 Not Modified (9ms)


Started GET "/todosuke/index" for 127.0.0.1 at 2012-06-28 00:07:15 +0900
Processing by TodosukeController#index as HTML
  Rendered todosuke/index.html.erb within layouts/application (0.4ms)
Completed 200 OK in 6ms (Views: 5.6ms | ActiveRecord: 0.0ms)


Started GET "/assets/application.css?body=1" for 127.0.0.1 at 2012-06-28 00:07:15 +0900
Served asset /application.css - 304 Not Modified (0ms)


Started GET "/assets/todosuke.css?body=1" for 127.0.0.1 at 2012-06-28 00:07:15 +0900
Served asset /todosuke.css - 304 Not Modified (0ms)


Started GET "/assets/jquery_ujs.js?body=1" for 127.0.0.1 at 2012-06-28 00:07:15 +0900
Served asset /jquery_ujs.js - 304 Not Modified (0ms)


Started GET "/assets/jquery.js?body=1" for 127.0.0.1 at 2012-06-28 00:07:15 +0900
Served asset /jquery.js - 304 Not Modified (0ms)


Started GET "/assets/todosuke.js?body=1" for 127.0.0.1 at 2012-06-28 00:07:15 +0900
Served asset /todosuke.js - 304 Not Modified (0ms)


Started GET "/assets/application.js?body=1" for 127.0.0.1 at 2012-06-28 00:07:15 +0900
Served asset /application.js - 304 Not Modified (0ms)


Started GET "/todosuke/index" for 127.0.0.1 at 2012-06-28 00:08:03 +0900
Processing by TodosukeController#index as HTML
  Rendered todosuke/index.html.erb within layouts/application (0.4ms)
Completed 200 OK in 6ms (Views: 5.4ms | ActiveRecord: 0.0ms)


Started GET "/assets/application.css?body=1" for 127.0.0.1 at 2012-06-28 00:08:03 +0900
Served asset /application.css - 304 Not Modified (0ms)


Started GET "/assets/todosuke.css?body=1" for 127.0.0.1 at 2012-06-28 00:08:03 +0900
Served asset /todosuke.css - 304 Not Modified (0ms)


Started GET "/assets/jquery.js?body=1" for 127.0.0.1 at 2012-06-28 00:08:03 +0900
Served asset /jquery.js - 304 Not Modified (0ms)


Started GET "/assets/todosuke.js?body=1" for 127.0.0.1 at 2012-06-28 00:08:03 +0900
Served asset /todosuke.js - 304 Not Modified (0ms)


Started GET "/assets/jquery_ujs.js?body=1" for 127.0.0.1 at 2012-06-28 00:08:03 +0900
Served asset /jquery_ujs.js - 304 Not Modified (0ms)


Started GET "/assets/application.js?body=1" for 127.0.0.1 at 2012-06-28 00:08:03 +0900
Served asset /application.js - 304 Not Modified (0ms)


Started GET "/todosuke/index" for 127.0.0.1 at 2012-06-28 00:11:11 +0900
Processing by TodosukeController#index as HTML
  Rendered todosuke/index.html.erb within layouts/application (0.4ms)
Completed 200 OK in 6ms (Views: 5.4ms | ActiveRecord: 0.0ms)


Started GET "/assets/application.css?body=1" for 127.0.0.1 at 2012-06-28 00:11:11 +0900
Served asset /application.css - 304 Not Modified (0ms)


Started GET "/assets/todosuke.css?body=1" for 127.0.0.1 at 2012-06-28 00:11:11 +0900
Served asset /todosuke.css - 304 Not Modified (0ms)


Started GET "/assets/jquery.js?body=1" for 127.0.0.1 at 2012-06-28 00:11:11 +0900
Served asset /jquery.js - 304 Not Modified (0ms)


Started GET "/assets/todosuke.js?body=1" for 127.0.0.1 at 2012-06-28 00:11:11 +0900
Served asset /todosuke.js - 304 Not Modified (0ms)


Started GET "/assets/jquery_ujs.js?body=1" for 127.0.0.1 at 2012-06-28 00:11:11 +0900
Served asset /jquery_ujs.js - 304 Not Modified (0ms)


Started GET "/assets/application.js?body=1" for 127.0.0.1 at 2012-06-28 00:11:11 +0900
Served asset /application.js - 304 Not Modified (0ms)


Started GET "/todosuke/index" for 127.0.0.1 at 2012-06-28 00:11:24 +0900
Processing by TodosukeController#index as HTML
  Rendered todosuke/index.html.erb within layouts/application (0.4ms)
Completed 200 OK in 7ms (Views: 7.2ms | ActiveRecord: 0.0ms)


Started GET "/assets/application.css?body=1" for 127.0.0.1 at 2012-06-28 00:11:24 +0900
Served asset /application.css - 304 Not Modified (0ms)


Started GET "/assets/todosuke.css?body=1" for 127.0.0.1 at 2012-06-28 00:11:24 +0900
Served asset /todosuke.css - 304 Not Modified (0ms)


Started GET "/assets/jquery.js?body=1" for 127.0.0.1 at 2012-06-28 00:11:24 +0900
Served asset /jquery.js - 304 Not Modified (0ms)


Started GET "/assets/todosuke.js?body=1" for 127.0.0.1 at 2012-06-28 00:11:24 +0900
Served asset /todosuke.js - 304 Not Modified (0ms)


Started GET "/assets/jquery_ujs.js?body=1" for 127.0.0.1 at 2012-06-28 00:11:24 +0900
Served asset /jquery_ujs.js - 304 Not Modified (0ms)


Started GET "/assets/application.js?body=1" for 127.0.0.1 at 2012-06-28 00:11:24 +0900
Served asset /application.js - 304 Not Modified (0ms)


Started GET "/todosuke/index" for 127.0.0.1 at 2012-06-28 00:11:40 +0900
Processing by TodosukeController#index as HTML
  Rendered todosuke/index.html.erb within layouts/application (0.4ms)
Completed 200 OK in 6ms (Views: 5.5ms | ActiveRecord: 0.0ms)


Started GET "/assets/application.css?body=1" for 127.0.0.1 at 2012-06-28 00:11:40 +0900
Served asset /application.css - 304 Not Modified (0ms)


Started GET "/assets/jquery.js?body=1" for 127.0.0.1 at 2012-06-28 00:11:40 +0900
Served asset /jquery.js - 304 Not Modified (0ms)


Started GET "/assets/todosuke.css?body=1" for 127.0.0.1 at 2012-06-28 00:11:40 +0900
Served asset /todosuke.css - 304 Not Modified (0ms)


Started GET "/assets/jquery_ujs.js?body=1" for 127.0.0.1 at 2012-06-28 00:11:40 +0900
Served asset /jquery_ujs.js - 304 Not Modified (0ms)


Started GET "/assets/todosuke.js?body=1" for 127.0.0.1 at 2012-06-28 00:11:40 +0900
Served asset /todosuke.js - 304 Not Modified (0ms)


Started GET "/assets/application.js?body=1" for 127.0.0.1 at 2012-06-28 00:11:40 +0900
Served asset /application.js - 304 Not Modified (0ms)


Started GET "/todosuke/index" for 127.0.0.1 at 2012-06-28 00:15:00 +0900
Processing by TodosukeController#index as HTML
  Rendered todosuke/index.html.erb within layouts/application (0.4ms)
Completed 200 OK in 6ms (Views: 5.5ms | ActiveRecord: 0.0ms)


Started GET "/assets/application.css?body=1" for 127.0.0.1 at 2012-06-28 00:15:00 +0900
Served asset /application.css - 304 Not Modified (0ms)


Started GET "/assets/jquery.js?body=1" for 127.0.0.1 at 2012-06-28 00:15:00 +0900
Served asset /jquery.js - 304 Not Modified (0ms)


Started GET "/assets/jquery_ujs.js?body=1" for 127.0.0.1 at 2012-06-28 00:15:01 +0900
Served asset /jquery_ujs.js - 304 Not Modified (0ms)


Started GET "/assets/todosuke.css?body=1" for 127.0.0.1 at 2012-06-28 00:15:01 +0900
Served asset /todosuke.css - 304 Not Modified (0ms)


Started GET "/assets/application.js?body=1" for 127.0.0.1 at 2012-06-28 00:15:01 +0900
Served asset /application.js - 304 Not Modified (0ms)


Started GET "/assets/todosuke.js?body=1" for 127.0.0.1 at 2012-06-28 00:15:01 +0900
Served asset /todosuke.js - 304 Not Modified (0ms)


Started GET "/todosuke/index" for 127.0.0.1 at 2012-06-28 00:15:14 +0900
Processing by TodosukeController#index as HTML
  Rendered todosuke/index.html.erb within layouts/application (0.4ms)
Completed 200 OK in 7ms (Views: 6.3ms | ActiveRecord: 0.0ms)


Started GET "/assets/application.css?body=1" for 127.0.0.1 at 2012-06-28 00:15:14 +0900
Served asset /application.css - 304 Not Modified (0ms)


Started GET "/assets/todosuke.css?body=1" for 127.0.0.1 at 2012-06-28 00:15:14 +0900
Served asset /todosuke.css - 304 Not Modified (0ms)


Started GET "/assets/jquery_ujs.js?body=1" for 127.0.0.1 at 2012-06-28 00:15:14 +0900
Served asset /jquery_ujs.js - 304 Not Modified (0ms)


Started GET "/assets/jquery.js?body=1" for 127.0.0.1 at 2012-06-28 00:15:14 +0900
Served asset /jquery.js - 304 Not Modified (0ms)


Started GET "/assets/todosuke.js?body=1" for 127.0.0.1 at 2012-06-28 00:15:14 +0900
Served asset /todosuke.js - 304 Not Modified (0ms)


Started GET "/assets/application.js?body=1" for 127.0.0.1 at 2012-06-28 00:15:14 +0900
Served asset /application.js - 304 Not Modified (0ms)


Started GET "/todosuke/index" for 127.0.0.1 at 2012-06-28 00:15:56 +0900
Processing by TodosukeController#index as HTML
  Rendered todosuke/index.html.erb within layouts/application (0.4ms)
Completed 200 OK in 6ms (Views: 5.6ms | ActiveRecord: 0.0ms)


Started GET "/assets/application.css?body=1" for 127.0.0.1 at 2012-06-28 00:15:56 +0900
Served asset /application.css - 304 Not Modified (0ms)


Started GET "/assets/todosuke.css?body=1" for 127.0.0.1 at 2012-06-28 00:15:56 +0900
Served asset /todosuke.css - 304 Not Modified (0ms)


Started GET "/assets/jquery.js?body=1" for 127.0.0.1 at 2012-06-28 00:15:56 +0900
Served asset /jquery.js - 304 Not Modified (0ms)


Started GET "/assets/jquery_ujs.js?body=1" for 127.0.0.1 at 2012-06-28 00:15:56 +0900
Served asset /jquery_ujs.js - 304 Not Modified (0ms)


Started GET "/assets/todosuke.js?body=1" for 127.0.0.1 at 2012-06-28 00:15:56 +0900
Served asset /todosuke.js - 304 Not Modified (0ms)


Started GET "/assets/application.js?body=1" for 127.0.0.1 at 2012-06-28 00:15:56 +0900
Served asset /application.js - 304 Not Modified (0ms)


Started GET "/todosuke/index" for 127.0.0.1 at 2012-06-28 00:16:08 +0900
Processing by TodosukeController#index as HTML
  Rendered todosuke/index.html.erb within layouts/application (0.4ms)
Completed 200 OK in 6ms (Views: 5.7ms | ActiveRecord: 0.0ms)


Started GET "/assets/application.css?body=1" for 127.0.0.1 at 2012-06-28 00:16:08 +0900
Served asset /application.css - 304 Not Modified (0ms)


Started GET "/assets/jquery.js?body=1" for 127.0.0.1 at 2012-06-28 00:16:08 +0900
Served asset /jquery.js - 304 Not Modified (0ms)


Started GET "/assets/todosuke.css?body=1" for 127.0.0.1 at 2012-06-28 00:16:08 +0900
Served asset /todosuke.css - 304 Not Modified (0ms)


Started GET "/assets/todosuke.js?body=1" for 127.0.0.1 at 2012-06-28 00:16:08 +0900
Served asset /todosuke.js - 304 Not Modified (0ms)


Started GET "/assets/jquery_ujs.js?body=1" for 127.0.0.1 at 2012-06-28 00:16:08 +0900
Served asset /jquery_ujs.js - 304 Not Modified (0ms)


Started GET "/assets/application.js?body=1" for 127.0.0.1 at 2012-06-28 00:16:08 +0900
Served asset /application.js - 304 Not Modified (0ms)


Started GET "/todosuke/index" for 127.0.0.1 at 2012-06-28 00:18:33 +0900
Processing by TodosukeController#index as HTML
  Rendered todosuke/index.html.erb within layouts/application (0.5ms)
Completed 200 OK in 6ms (Views: 5.7ms | ActiveRecord: 0.0ms)


Started GET "/assets/application.css?body=1" for 127.0.0.1 at 2012-06-28 00:18:33 +0900
Served asset /application.css - 304 Not Modified (0ms)


Started GET "/assets/jquery.js?body=1" for 127.0.0.1 at 2012-06-28 00:18:33 +0900
Served asset /jquery.js - 304 Not Modified (0ms)


Started GET "/assets/jquery_ujs.js?body=1" for 127.0.0.1 at 2012-06-28 00:18:33 +0900
Served asset /jquery_ujs.js - 304 Not Modified (0ms)


Started GET "/assets/todosuke.css?body=1" for 127.0.0.1 at 2012-06-28 00:18:33 +0900
Served asset /todosuke.css - 304 Not Modified (0ms)


Started GET "/assets/todosuke.js?body=1" for 127.0.0.1 at 2012-06-28 00:18:33 +0900
Served asset /todosuke.js - 304 Not Modified (0ms)


Started GET "/assets/application.js?body=1" for 127.0.0.1 at 2012-06-28 00:18:33 +0900
Served asset /application.js - 304 Not Modified (0ms)


Started GET "/todosuke/index" for 127.0.0.1 at 2012-06-28 00:19:24 +0900
Processing by TodosukeController#index as HTML
  Rendered todosuke/index.html.erb within layouts/application (0.4ms)
Completed 200 OK in 6ms (Views: 6.0ms | ActiveRecord: 0.0ms)


Started GET "/assets/application.css?body=1" for 127.0.0.1 at 2012-06-28 00:19:24 +0900
Served asset /application.css - 304 Not Modified (0ms)


Started GET "/assets/todosuke.css?body=1" for 127.0.0.1 at 2012-06-28 00:19:24 +0900
Served asset /todosuke.css - 304 Not Modified (0ms)


Started GET "/assets/jquery.js?body=1" for 127.0.0.1 at 2012-06-28 00:19:24 +0900
Served asset /jquery.js - 304 Not Modified (0ms)


Started GET "/assets/jquery_ujs.js?body=1" for 127.0.0.1 at 2012-06-28 00:19:24 +0900
Served asset /jquery_ujs.js - 304 Not Modified (0ms)


Started GET "/assets/todosuke.js?body=1" for 127.0.0.1 at 2012-06-28 00:19:24 +0900
Served asset /todosuke.js - 304 Not Modified (0ms)


Started GET "/assets/application.js?body=1" for 127.0.0.1 at 2012-06-28 00:19:24 +0900
Served asset /application.js - 304 Not Modified (0ms)


Started GET "/todosuke/index" for 127.0.0.1 at 2012-06-28 00:20:04 +0900
Processing by TodosukeController#index as HTML
  Rendered todosuke/index.html.erb within layouts/application (0.4ms)
Completed 200 OK in 6ms (Views: 5.6ms | ActiveRecord: 0.0ms)


Started GET "/assets/application.css?body=1" for 127.0.0.1 at 2012-06-28 00:20:04 +0900
Served asset /application.css - 304 Not Modified (0ms)


Started GET "/assets/todosuke.css?body=1" for 127.0.0.1 at 2012-06-28 00:20:04 +0900
Served asset /todosuke.css - 304 Not Modified (0ms)


Started GET "/assets/jquery.js?body=1" for 127.0.0.1 at 2012-06-28 00:20:04 +0900
Served asset /jquery.js - 304 Not Modified (0ms)


Started GET "/assets/jquery_ujs.js?body=1" for 127.0.0.1 at 2012-06-28 00:20:04 +0900
Served asset /jquery_ujs.js - 304 Not Modified (0ms)


Started GET "/assets/application.js?body=1" for 127.0.0.1 at 2012-06-28 00:20:04 +0900
Served asset /application.js - 304 Not Modified (0ms)


Started GET "/assets/todosuke.js?body=1" for 127.0.0.1 at 2012-06-28 00:20:04 +0900
Served asset /todosuke.js - 304 Not Modified (0ms)


Started GET "/todosuke/index" for 127.0.0.1 at 2012-06-28 00:20:21 +0900
Processing by TodosukeController#index as HTML
  Rendered todosuke/index.html.erb within layouts/application (0.4ms)
Completed 200 OK in 6ms (Views: 6.0ms | ActiveRecord: 0.0ms)


Started GET "/assets/application.css?body=1" for 127.0.0.1 at 2012-06-28 00:20:21 +0900
Served asset /application.css - 304 Not Modified (0ms)


Started GET "/assets/todosuke.css?body=1" for 127.0.0.1 at 2012-06-28 00:20:21 +0900
Served asset /todosuke.css - 304 Not Modified (0ms)


Started GET "/assets/jquery_ujs.js?body=1" for 127.0.0.1 at 2012-06-28 00:20:21 +0900
Served asset /jquery_ujs.js - 304 Not Modified (0ms)


Started GET "/assets/jquery.js?body=1" for 127.0.0.1 at 2012-06-28 00:20:21 +0900
Served asset /jquery.js - 304 Not Modified (0ms)


Started GET "/assets/todosuke.js?body=1" for 127.0.0.1 at 2012-06-28 00:20:21 +0900
Served asset /todosuke.js - 304 Not Modified (0ms)


Started GET "/assets/application.js?body=1" for 127.0.0.1 at 2012-06-28 00:20:21 +0900
Served asset /application.js - 304 Not Modified (0ms)


Started GET "/todosuke/index" for 127.0.0.1 at 2012-06-28 00:20:39 +0900
Processing by TodosukeController#index as HTML
  Rendered todosuke/index.html.erb within layouts/application (0.4ms)
Completed 200 OK in 7ms (Views: 6.4ms | ActiveRecord: 0.0ms)


Started GET "/assets/application.css?body=1" for 127.0.0.1 at 2012-06-28 00:20:39 +0900
Served asset /application.css - 304 Not Modified (0ms)


Started GET "/assets/todosuke.css?body=1" for 127.0.0.1 at 2012-06-28 00:20:39 +0900
Served asset /todosuke.css - 304 Not Modified (0ms)


Started GET "/assets/jquery.js?body=1" for 127.0.0.1 at 2012-06-28 00:20:39 +0900
Served asset /jquery.js - 304 Not Modified (0ms)


Started GET "/assets/jquery_ujs.js?body=1" for 127.0.0.1 at 2012-06-28 00:20:39 +0900
Served asset /jquery_ujs.js - 304 Not Modified (0ms)


Started GET "/assets/todosuke.js?body=1" for 127.0.0.1 at 2012-06-28 00:20:39 +0900
Served asset /todosuke.js - 304 Not Modified (0ms)


Started GET "/assets/application.js?body=1" for 127.0.0.1 at 2012-06-28 00:20:39 +0900
Served asset /application.js - 304 Not Modified (0ms)


Started GET "/todosuke/index" for 127.0.0.1 at 2012-07-28 16:32:11 +0900
Connecting to database specified by database.yml
Processing by TodosukeController#index as HTML
  Rendered todosuke/index.html.erb within layouts/application (2.7ms)
Completed 200 OK in 88ms (Views: 87.1ms | ActiveRecord: 0.0ms)


Started GET "/assets/application.css?body=1" for 127.0.0.1 at 2012-07-28 16:32:11 +0900
Served asset /application.css - 304 Not Modified (11ms)


Started GET "/assets/jquery_ujs.js?body=1" for 127.0.0.1 at 2012-07-28 16:32:11 +0900
Served asset /jquery_ujs.js - 304 Not Modified (3ms)


Started GET "/assets/todosuke.css?body=1" for 127.0.0.1 at 2012-07-28 16:32:11 +0900
Served asset /todosuke.css - 304 Not Modified (2ms)


Started GET "/assets/application.js?body=1" for 127.0.0.1 at 2012-07-28 16:32:11 +0900
Served asset /application.js - 304 Not Modified (8ms)


Started GET "/assets/jquery.js?body=1" for 127.0.0.1 at 2012-07-28 16:32:11 +0900
Served asset /jquery.js - 304 Not Modified (23ms)


Started GET "/assets/todosuke.js?body=1" for 127.0.0.1 at 2012-07-28 16:32:11 +0900
Served asset /todosuke.js - 304 Not Modified (2ms)


Started GET "/todosuke/index" for 127.0.0.1 at 2012-07-28 16:54:04 +0900
Processing by TodosukeController#index as HTML
  Rendered todosuke/index.html.erb within layouts/application (0.6ms)
Completed 200 OK in 9ms (Views: 8.4ms | ActiveRecord: 0.0ms)


Started GET "/assets/application.css?body=1" for 127.0.0.1 at 2012-07-28 16:54:04 +0900
Served asset /application.css - 304 Not Modified (0ms)


Started GET "/assets/todosuke.css?body=1" for 127.0.0.1 at 2012-07-28 16:54:04 +0900
Served asset /todosuke.css - 304 Not Modified (0ms)


Started GET "/assets/jquery_ujs.js?body=1" for 127.0.0.1 at 2012-07-28 16:54:04 +0900
Served asset /jquery_ujs.js - 304 Not Modified (0ms)


Started GET "/assets/jquery.js?body=1" for 127.0.0.1 at 2012-07-28 16:54:04 +0900
Served asset /jquery.js - 304 Not Modified (0ms)


Started GET "/assets/todosuke.js?body=1" for 127.0.0.1 at 2012-07-28 16:54:04 +0900
Served asset /todosuke.js - 304 Not Modified (0ms)


Started GET "/assets/application.js?body=1" for 127.0.0.1 at 2012-07-28 16:54:04 +0900
Served asset /application.js - 304 Not Modified (0ms)


Started GET "/todosuke/index" for 127.0.0.1 at 2012-07-28 16:55:44 +0900
Processing by TodosukeController#index as HTML
  Rendered todosuke/index.html.erb within layouts/application (0.7ms)
Completed 200 OK in 10ms (Views: 9.2ms | ActiveRecord: 0.0ms)


Started GET "/assets/application.css?body=1" for 127.0.0.1 at 2012-07-28 16:55:44 +0900
Served asset /application.css - 304 Not Modified (0ms)


Started GET "/assets/jquery.js?body=1" for 127.0.0.1 at 2012-07-28 16:55:44 +0900
Served asset /jquery.js - 304 Not Modified (0ms)


Started GET "/assets/todosuke.css?body=1" for 127.0.0.1 at 2012-07-28 16:55:44 +0900
Served asset /todosuke.css - 304 Not Modified (0ms)


Started GET "/assets/jquery_ujs.js?body=1" for 127.0.0.1 at 2012-07-28 16:55:44 +0900
Served asset /jquery_ujs.js - 304 Not Modified (0ms)


Started GET "/assets/application.js?body=1" for 127.0.0.1 at 2012-07-28 16:55:44 +0900
Served asset /application.js - 304 Not Modified (0ms)


Started GET "/assets/todosuke.js?body=1" for 127.0.0.1 at 2012-07-28 16:55:44 +0900
Served asset /todosuke.js - 304 Not Modified (0ms)


Started GET "/todosuke/index" for 127.0.0.1 at 2012-07-28 16:57:03 +0900
Processing by TodosukeController#index as HTML
  Rendered todosuke/index.html.erb within layouts/application (0.7ms)
Completed 200 OK in 8ms (Views: 7.9ms | ActiveRecord: 0.0ms)


Started GET "/assets/application.css?body=1" for 127.0.0.1 at 2012-07-28 16:57:03 +0900
Served asset /application.css - 304 Not Modified (0ms)


Started GET "/assets/application.js?body=1" for 127.0.0.1 at 2012-07-28 16:57:03 +0900
Served asset /application.js - 304 Not Modified (0ms)


Started GET "/assets/jquery_ujs.js?body=1" for 127.0.0.1 at 2012-07-28 16:57:03 +0900
Served asset /jquery_ujs.js - 304 Not Modified (0ms)


Started GET "/assets/todosuke.css?body=1" for 127.0.0.1 at 2012-07-28 16:57:03 +0900
Served asset /todosuke.css - 304 Not Modified (0ms)


Started GET "/assets/jquery.js?body=1" for 127.0.0.1 at 2012-07-28 16:57:03 +0900
Served asset /jquery.js - 304 Not Modified (0ms)


Started GET "/assets/todosuke.js?body=1" for 127.0.0.1 at 2012-07-28 16:57:03 +0900
Served asset /todosuke.js - 304 Not Modified (0ms)


Started GET "/todosuke/index" for 127.0.0.1 at 2012-07-28 16:57:51 +0900
Processing by TodosukeController#index as HTML
  Rendered todosuke/index.html.erb within layouts/application (0.5ms)
Completed 200 OK in 7ms (Views: 6.9ms | ActiveRecord: 0.0ms)


Started GET "/assets/application.css?body=1" for 127.0.0.1 at 2012-07-28 16:57:51 +0900
Served asset /application.css - 304 Not Modified (0ms)


Started GET "/assets/jquery.js?body=1" for 127.0.0.1 at 2012-07-28 16:57:51 +0900
Served asset /jquery.js - 304 Not Modified (0ms)


Started GET "/assets/application.js?body=1" for 127.0.0.1 at 2012-07-28 16:57:51 +0900
Served asset /application.js - 304 Not Modified (0ms)


Started GET "/assets/todosuke.js?body=1" for 127.0.0.1 at 2012-07-28 16:57:51 +0900
Served asset /todosuke.js - 304 Not Modified (0ms)


Started GET "/assets/jquery_ujs.js?body=1" for 127.0.0.1 at 2012-07-28 16:57:51 +0900
Served asset /jquery_ujs.js - 304 Not Modified (0ms)


Started GET "/assets/todosuke.css?body=1" for 127.0.0.1 at 2012-07-28 16:57:51 +0900
Served asset /todosuke.css - 304 Not Modified (0ms)


Started GET "/todosuke/index" for 127.0.0.1 at 2012-07-28 16:59:46 +0900
Processing by TodosukeController#index as HTML
  Rendered todosuke/index.html.erb within layouts/application (0.0ms)
Completed 200 OK in 8ms (Views: 7.6ms | ActiveRecord: 0.0ms)


Started GET "/assets/application.css?body=1" for 127.0.0.1 at 2012-07-28 16:59:46 +0900
Served asset /application.css - 304 Not Modified (0ms)


Started GET "/assets/jquery.js?body=1" for 127.0.0.1 at 2012-07-28 16:59:46 +0900
Served asset /jquery.js - 304 Not Modified (0ms)


Started GET "/assets/todosuke.css?body=1" for 127.0.0.1 at 2012-07-28 16:59:46 +0900
Served asset /todosuke.css - 304 Not Modified (0ms)


Started GET "/assets/todosuke.js?body=1" for 127.0.0.1 at 2012-07-28 16:59:46 +0900
Served asset /todosuke.js - 304 Not Modified (0ms)


Started GET "/assets/application.js?body=1" for 127.0.0.1 at 2012-07-28 16:59:46 +0900
Served asset /application.js - 304 Not Modified (0ms)


Started GET "/assets/jquery_ujs.js?body=1" for 127.0.0.1 at 2012-07-28 16:59:46 +0900
Served asset /jquery_ujs.js - 304 Not Modified (0ms)


Started GET "/todosuke/index" for 127.0.0.1 at 2012-07-28 17:03:35 +0900
Processing by TodosukeController#index as HTML
  Rendered todosuke/index.html.erb within layouts/application (0.5ms)
Completed 200 OK in 8ms (Views: 8.1ms | ActiveRecord: 0.0ms)


Started GET "/assets/application.css?body=1" for 127.0.0.1 at 2012-07-28 17:03:35 +0900
Served asset /application.css - 304 Not Modified (0ms)


Started GET "/assets/todosuke.css?body=1" for 127.0.0.1 at 2012-07-28 17:03:35 +0900
Served asset /todosuke.css - 304 Not Modified (0ms)


Started GET "/assets/jquery.js?body=1" for 127.0.0.1 at 2012-07-28 17:03:35 +0900
Served asset /jquery.js - 304 Not Modified (0ms)


Started GET "/assets/todosuke.js?body=1" for 127.0.0.1 at 2012-07-28 17:03:35 +0900
Served asset /todosuke.js - 304 Not Modified (0ms)


Started GET "/assets/application.js?body=1" for 127.0.0.1 at 2012-07-28 17:03:35 +0900
Served asset /application.js - 304 Not Modified (0ms)


Started GET "/assets/jquery_ujs.js?body=1" for 127.0.0.1 at 2012-07-28 17:03:35 +0900
Served asset /jquery_ujs.js - 304 Not Modified (0ms)
